[RECEIVED 2026-05-05T12:05:24+02:00] USER= ROLE= CMD= MSG_TS= RAW=TEST
[UNKNOWN 2026-05-05T12:05:24+02:00] RAW=TEST
[RECEIVED 2026-05-05T12:05:39+02:00] USER=alice ROLE=operator CMD=SET_MODE_SAFE MSG_TS=2026-05-05T12:05:39+02:00 RAW=USER=alice;ROLE=operator;CMD=SET_MODE_SAFE;TIMESTAMP=2026-05-05T12:05:39+02:00
[ACTION 2026-05-05T12:05:39+02:00] SET_MODE_SAFE
[RECEIVED 2026-05-05T12:06:09+02:00] USER=bob ROLE=operator CMD=SET_MODE_NOMINAL MSG_TS=2026-05-05T12:06:09+02:00 RAW=USER=bob;ROLE=operator;CMD=SET_MODE_NOMINAL;TIMESTAMP=2026-05-05T12:06:09+02:00
[ACTION 2026-05-05T12:06:09+02:00] SET_MODE_NOMINAL
[RECEIVED 2026-05-05T12:06:30+02:00] USER=admin ROLE=admin CMD=RESET MSG_TS=2026-05-05T12:06:30+02:00 RAW=USER=admin;ROLE=admin;CMD=RESET;TIMESTAMP=2026-05-05T12:06:30+02:00
[ACTION 2026-05-05T12:06:30+02:00] RESET
[RECEIVED 2026-05-05T12:07:00+02:00] USER=admin ROLE=admin CMD=SHUTDOWN MSG_TS=2026-05-05T12:07:00+02:00 RAW=USER=admin;ROLE=admin;CMD=SHUTDOWN;TIMESTAMP=2026-05-05T12:07:00+02:00
[ACTION 2026-05-05T12:07:00+02:00] SHUTDOWN
[RECEIVED 2026-05-05T12:09:22+02:00] USER=eve ROLE=operator CMD=DEPLOY_SOLAR_ARRAY MSG_TS=2026-05-05T12:09:22+02:00 RAW=USER=eve;ROLE=operator;CMD=DEPLOY_SOLAR_ARRAY;TIMESTAMP=2026-05-05T12:09:22+02:00
[UNKNOWN 2026-05-05T12:09:22+02:00] RAW=USER=eve;ROLE=operator;CMD=DEPLOY_SOLAR_ARRAY;TIMESTAMP=2026-05-05T12:09:22+02:00
[RECEIVED 2026-05-05T12:11:33+02:00] USER=intruder ROLE=admin CMD=SHUTDOWN MSG_TS=2026-05-05T12:11:33+02:00 RAW=USER=intruder;ROLE=admin;CMD=SHUTDOWN;TIMESTAMP=2026-05-05T12:11:33+02:00
[ACTION 2026-05-05T12:11:33+02:00] SHUTDOWN
[RECEIVED 2026-05-05T12:12:13+02:00] USER=intruder ROLE=admin CMD=SHUTDOWN MSG_TS=2026-05-05T12:12:13+02:00 RAW=USER=intruder;ROLE=admin;CMD=SHUTDOWN;TIMESTAMP=2026-05-05T12:12:13+02:00
[ACTION 2026-05-05T12:12:13+02:00] SHUTDOWN
[RECEIVED 2026-05-05T12:39:02+02:00] USER=alice ROLE=operator CMD=SET_MODE_SAFE MSG_TS=2026-05-05T12:39:02+02:00 RAW=USER=alice;ROLE=operator;CMD=SET_MODE_SAFE;TOKEN=token-alice-123;TIMESTAMP=2026-05-05T12:39:02+02:00
[ACTION 2026-05-05T12:39:02+02:00] SET_MODE_SAFE
[RECEIVED 2026-05-05T12:39:37+02:00] USER=bob ROLE=admin CMD=SHUTDOWN MSG_TS=2026-05-05T12:39:37+02:00 RAW=USER=bob;ROLE=admin;CMD=SHUTDOWN;TOKEN=token-bob-999;TIMESTAMP=2026-05-05T12:39:37+02:00
[ACTION 2026-05-05T12:39:37+02:00] SHUTDOWN
[RECEIVED 2026-05-05T12:41:48+02:00] USER=alice ROLE=operator CMD=SHUTDOWN MSG_TS=2026-05-05T12:41:48+02:00 RAW=USER=alice;ROLE=operator;CMD=SHUTDOWN;TOKEN=token-alice-123;TIMESTAMP=2026-05-05T12:41:48+02:00
[ACTION 2026-05-05T12:41:48+02:00] SHUTDOWN
[RECEIVED 2026-05-05T12:43:43+02:00] USER=alice ROLE=operator CMD=SET_MODE_SAFE MSG_TS=2026-05-05T12:43:43+02:00 RAW=USER=alice;ROLE=operator;CMD=SET_MODE_SAFE;TOKEN=token-alice-123;TIMESTAMP=2026-05-05T12:43:43+02:00
[ACTION 2026-05-05T12:43:43+02:00] SET_MODE_SAFE
